[    1117ms] [WARNING] Error with Permissions-Policy header: Unrecognized feature: 'ambient-light-sensor'. @ :0
[    1117ms] [WARNING] Error with Permissions-Policy header: Unrecognized feature: 'battery'. @ :0
[    1117ms] [WARNING] Error with Permissions-Policy header: Unrecognized feature: 'document-domain'. @ :0
[    1117ms] [WARNING] Error with Permissions-Policy header: Unrecognized feature: 'execution-while-not-rendered'. @ :0
[    1117ms] [WARNING] Error with Permissions-Policy header: Unrecognized feature: 'execution-while-out-of-viewport'. @ :0
[    1117ms] [WARNING] Error with Permissions-Policy header: Unrecognized feature: 'speaker-selection'. @ :0
[    1210ms] Error: No ad placements found.
    at w (https://media.ethicalads.io/media/client/v1.4.0/ethicalads.min.js:1:11867)
    at https://media.ethicalads.io/media/client/v1.4.0/ethicalads.min.js:1:12977
[    9496ms] [WARNING] Error with Permissions-Policy header: Unrecognized feature: 'ambient-light-sensor'. @ :0
[    9496ms] [WARNING] Error with Permissions-Policy header: Unrecognized feature: 'battery'. @ :0
[    9496ms] [WARNING] Error with Permissions-Policy header: Unrecognized feature: 'document-domain'. @ :0
[    9496ms] [WARNING] Error with Permissions-Policy header: Unrecognized feature: 'execution-while-not-rendered'. @ :0
[    9496ms] [WARNING] Error with Permissions-Policy header: Unrecognized feature: 'execution-while-out-of-viewport'. @ :0
[    9496ms] [WARNING] Error with Permissions-Policy header: Unrecognized feature: 'speaker-selection'. @ :0
[    9519ms] Error: No ad placements found.
    at w (https://media.ethicalads.io/media/client/v1.4.0/ethicalads.min.js:1:11867)
    at https://media.ethicalads.io/media/client/v1.4.0/ethicalads.min.js:1:12977
[   20635ms] [WARNING] Error with Permissions-Policy header: Unrecognized feature: 'ambient-light-sensor'. @ :0
[   20635ms] [WARNING] Error with Permissions-Policy header: Unrecognized feature: 'battery'. @ :0
[   20635ms] [WARNING] Error with Permissions-Policy header: Unrecognized feature: 'document-domain'. @ :0
[   20635ms] [WARNING] Error with Permissions-Policy header: Unrecognized feature: 'execution-while-not-rendered'. @ :0
[   20635ms] [WARNING] Error with Permissions-Policy header: Unrecognized feature: 'execution-while-out-of-viewport'. @ :0
[   20635ms] [WARNING] Error with Permissions-Policy header: Unrecognized feature: 'speaker-selection'. @ :0
[   20656ms] Error: No ad placements found.
    at w (https://media.ethicalads.io/media/client/v1.4.0/ethicalads.min.js:1:11867)
    at https://media.ethicalads.io/media/client/v1.4.0/ethicalads.min.js:1:12977
[   72877ms] [WARNING] Error with Permissions-Policy header: Unrecognized feature: 'ambient-light-sensor'. @ :0
[   72877ms] [WARNING] Error with Permissions-Policy header: Unrecognized feature: 'battery'. @ :0
[   72877ms] [WARNING] Error with Permissions-Policy header: Unrecognized feature: 'document-domain'. @ :0
[   72877ms] [WARNING] Error with Permissions-Policy header: Unrecognized feature: 'execution-while-not-rendered'. @ :0
[   72877ms] [WARNING] Error with Permissions-Policy header: Unrecognized feature: 'execution-while-out-of-viewport'. @ :0
[   72877ms] [WARNING] Error with Permissions-Policy header: Unrecognized feature: 'speaker-selection'. @ :0
[   72902ms] Error: No ad placements found.
    at w (https://media.ethicalads.io/media/client/v1.4.0/ethicalads.min.js:1:11867)
    at https://media.ethicalads.io/media/client/v1.4.0/ethicalads.min.js:1:12977
[   95164ms] [WARNING] Error with Permissions-Policy header: Unrecognized feature: 'ambient-light-sensor'. @ :0
[   95164ms] [WARNING] Error with Permissions-Policy header: Unrecognized feature: 'battery'. @ :0
[   95164ms] [WARNING] Error with Permissions-Policy header: Unrecognized feature: 'document-domain'. @ :0
[   95164ms] [WARNING] Error with Permissions-Policy header: Unrecognized feature: 'execution-while-not-rendered'. @ :0
[   95164ms] [WARNING] Error with Permissions-Policy header: Unrecognized feature: 'execution-while-out-of-viewport'. @ :0
[   95164ms] [WARNING] Error with Permissions-Policy header: Unrecognized feature: 'speaker-selection'. @ :0
[   95186ms] Error: No ad placements found.
    at w (https://media.ethicalads.io/media/client/v1.4.0/ethicalads.min.js:1:11867)
    at https://media.ethicalads.io/media/client/v1.4.0/ethicalads.min.js:1:12977
[  127820ms] [WARNING] Error with Permissions-Policy header: Unrecognized feature: 'ambient-light-sensor'. @ :0
[  127820ms] [WARNING] Error with Permissions-Policy header: Unrecognized feature: 'battery'. @ :0
[  127820ms] [WARNING] Error with Permissions-Policy header: Unrecognized feature: 'document-domain'. @ :0
[  127820ms] [WARNING] Error with Permissions-Policy header: Unrecognized feature: 'execution-while-not-rendered'. @ :0
[  127820ms] [WARNING] Error with Permissions-Policy header: Unrecognized feature: 'execution-while-out-of-viewport'. @ :0
[  127820ms] [WARNING] Error with Permissions-Policy header: Unrecognized feature: 'speaker-selection'. @ :0
[  127848ms] Error: No ad placements found.
    at w (https://media.ethicalads.io/media/client/v1.4.0/ethicalads.min.js:1:11867)
    at https://media.ethicalads.io/media/client/v1.4.0/ethicalads.min.js:1:12977
