[    1243ms] [WARNING] Error with Permissions-Policy header: Unrecognized feature: 'ambient-light-sensor'. @ :0
[    1243ms] [WARNING] Error with Permissions-Policy header: Unrecognized feature: 'battery'. @ :0
[    1243ms] [WARNING] Error with Permissions-Policy header: Unrecognized feature: 'document-domain'. @ :0
[    1243ms] [WARNING] Error with Permissions-Policy header: Unrecognized feature: 'execution-while-not-rendered'. @ :0
[    1243ms] [WARNING] Error with Permissions-Policy header: Unrecognized feature: 'execution-while-out-of-viewport'. @ :0
[    1243ms] [WARNING] Error with Permissions-Policy header: Unrecognized feature: 'speaker-selection'. @ :0
[    1427ms] Error: No ad placements found.
    at w (https://media.ethicalads.io/media/client/v1.4.0/ethicalads.min.js:1:11867)
    at https://media.ethicalads.io/media/client/v1.4.0/ethicalads.min.js:1:12977
[ 5311757ms] [WARNING] Error with Permissions-Policy header: Unrecognized feature: 'ambient-light-sensor'. @ :0
[ 5311757ms] [WARNING] Error with Permissions-Policy header: Unrecognized feature: 'battery'. @ :0
[ 5311757ms] [WARNING] Error with Permissions-Policy header: Unrecognized feature: 'document-domain'. @ :0
[ 5311757ms] [WARNING] Error with Permissions-Policy header: Unrecognized feature: 'execution-while-not-rendered'. @ :0
[ 5311757ms] [WARNING] Error with Permissions-Policy header: Unrecognized feature: 'execution-while-out-of-viewport'. @ :0
[ 5311757ms] [WARNING] Error with Permissions-Policy header: Unrecognized feature: 'speaker-selection'. @ :0
[ 5311878ms] Error: No ad placements found.
    at w (https://media.ethicalads.io/media/client/v1.4.0/ethicalads.min.js:1:11867)
    at https://media.ethicalads.io/media/client/v1.4.0/ethicalads.min.js:1:12977
[ 5328283ms] [WARNING] Error with Permissions-Policy header: Unrecognized feature: 'ambient-light-sensor'. @ :0
[ 5328283ms] [WARNING] Error with Permissions-Policy header: Unrecognized feature: 'battery'. @ :0
[ 5328283ms] [WARNING] Error with Permissions-Policy header: Unrecognized feature: 'document-domain'. @ :0
[ 5328283ms] [WARNING] Error with Permissions-Policy header: Unrecognized feature: 'execution-while-not-rendered'. @ :0
[ 5328283ms] [WARNING] Error with Permissions-Policy header: Unrecognized feature: 'execution-while-out-of-viewport'. @ :0
[ 5328283ms] [WARNING] Error with Permissions-Policy header: Unrecognized feature: 'speaker-selection'. @ :0
[ 5328301ms] Error: No ad placements found.
    at w (https://media.ethicalads.io/media/client/v1.4.0/ethicalads.min.js:1:11867)
    at https://media.ethicalads.io/media/client/v1.4.0/ethicalads.min.js:1:12977
[ 5338947ms] [WARNING] Error with Permissions-Policy header: Unrecognized feature: 'ambient-light-sensor'. @ :0
[ 5338947ms] [WARNING] Error with Permissions-Policy header: Unrecognized feature: 'battery'. @ :0
[ 5338947ms] [WARNING] Error with Permissions-Policy header: Unrecognized feature: 'document-domain'. @ :0
[ 5338947ms] [WARNING] Error with Permissions-Policy header: Unrecognized feature: 'execution-while-not-rendered'. @ :0
[ 5338947ms] [WARNING] Error with Permissions-Policy header: Unrecognized feature: 'execution-while-out-of-viewport'. @ :0
[ 5338947ms] [WARNING] Error with Permissions-Policy header: Unrecognized feature: 'speaker-selection'. @ :0
[ 5338963ms] Error: No ad placements found.
    at w (https://media.ethicalads.io/media/client/v1.4.0/ethicalads.min.js:1:11867)
    at https://media.ethicalads.io/media/client/v1.4.0/ethicalads.min.js:1:12977
